Error: Failed to lookup view "error" in views directory "\views"
    at Function.render (F:\node-pachong\back\node_modules\express\lib\application.js:580:17)
    at ServerResponse.render (F:\node-pachong\back\node_modules\express\lib\response.js:1008:7)
    at F:\node-pachong\back\build\webpack:\app.js:36:45
    at Layer.handle_error (F:\node-pachong\back\node_modules\express\lib\router\layer.js:71:5)
    at trim_prefix (F:\node-pachong\back\node_modules\express\lib\router\index.js:315:13)
    at F:\node-pachong\back\node_modules\express\lib\router\index.js:284:7
    at Function.process_params (F:\node-pachong\back\node_modules\express\lib\router\index.js:335:12)
    at next (F:\node-pachong\back\node_modules\express\lib\router\index.js:275:10)
    at Layer.handle_error (F:\node-pachong\back\node_modules\express\lib\router\layer.js:67:12)
    at trim_prefix (F:\node-pachong\back\node_modules\express\lib\router\index.js:315:13)
Error: Failed to lookup view "error" in views directory "\views"
    at Function.render (F:\node-pachong\back\node_modules\express\lib\application.js:580:17)
    at ServerResponse.render (F:\node-pachong\back\node_modules\express\lib\response.js:1008:7)
    at F:\node-pachong\back\build\webpack:\app.js:36:45
    at Layer.handle_error (F:\node-pachong\back\node_modules\express\lib\router\layer.js:71:5)
    at trim_prefix (F:\node-pachong\back\node_modules\express\lib\router\index.js:315:13)
    at F:\node-pachong\back\node_modules\express\lib\router\index.js:284:7
    at Function.process_params (F:\node-pachong\back\node_modules\express\lib\router\index.js:335:12)
    at next (F:\node-pachong\back\node_modules\express\lib\router\index.js:275:10)
    at Layer.handle_error (F:\node-pachong\back\node_modules\express\lib\router\layer.js:67:12)
    at trim_prefix (F:\node-pachong\back\node_modules\express\lib\router\index.js:315:13)
Error: Failed to lookup view "error" in views directory "\views"
    at Function.render (F:\node-pachong\back\node_modules\express\lib\application.js:580:17)
    at ServerResponse.render (F:\node-pachong\back\node_modules\express\lib\response.js:1008:7)
    at F:\node-pachong\back\build\webpack:\app.js:40:1
    at Layer.handle_error (F:\node-pachong\back\node_modules\express\lib\router\layer.js:71:5)
    at trim_prefix (F:\node-pachong\back\node_modules\express\lib\router\index.js:315:13)
    at F:\node-pachong\back\node_modules\express\lib\router\index.js:284:7
    at Function.process_params (F:\node-pachong\back\node_modules\express\lib\router\index.js:335:12)
    at next (F:\node-pachong\back\node_modules\express\lib\router\index.js:275:10)
    at Layer.handle_error (F:\node-pachong\back\node_modules\express\lib\router\layer.js:67:12)
    at trim_prefix (F:\node-pachong\back\node_modules\express\lib\router\index.js:315:13)
Error: Failed to lookup view "error" in views directory "\views"
    at Function.render (F:\node-pachong\back\node_modules\express\lib\application.js:580:17)
    at ServerResponse.render (F:\node-pachong\back\node_modules\express\lib\response.js:1008:7)
    at F:\node-pachong\back\build\webpack:\app.js:40:1
    at Layer.handle_error (F:\node-pachong\back\node_modules\express\lib\router\layer.js:71:5)
    at trim_prefix (F:\node-pachong\back\node_modules\express\lib\router\index.js:315:13)
    at F:\node-pachong\back\node_modules\express\lib\router\index.js:284:7
    at Function.process_params (F:\node-pachong\back\node_modules\express\lib\router\index.js:335:12)
    at next (F:\node-pachong\back\node_modules\express\lib\router\index.js:275:10)
    at Layer.handle_error (F:\node-pachong\back\node_modules\express\lib\router\layer.js:67:12)
    at trim_prefix (F:\node-pachong\back\node_modules\express\lib\router\index.js:315:13)
Error: Failed to lookup view "error" in views directory "\views"
    at Function.render (F:\node-pachong\back\node_modules\express\lib\application.js:580:17)
    at ServerResponse.render (F:\node-pachong\back\node_modules\express\lib\response.js:1008:7)
    at F:\node-pachong\back\build\webpack:\app.js:40:1
    at Layer.handle_error (F:\node-pachong\back\node_modules\express\lib\router\layer.js:71:5)
    at trim_prefix (F:\node-pachong\back\node_modules\express\lib\router\index.js:315:13)
    at F:\node-pachong\back\node_modules\express\lib\router\index.js:284:7
    at Function.process_params (F:\node-pachong\back\node_modules\express\lib\router\index.js:335:12)
    at next (F:\node-pachong\back\node_modules\express\lib\router\index.js:275:10)
    at Layer.handle_error (F:\node-pachong\back\node_modules\express\lib\router\layer.js:67:12)
    at trim_prefix (F:\node-pachong\back\node_modules\express\lib\router\index.js:315:13)
Error: Failed to lookup view "error" in views directory "\views"
    at Function.render (F:\node-pachong\back\node_modules\express\lib\application.js:580:17)
    at ServerResponse.render (F:\node-pachong\back\node_modules\express\lib\response.js:1008:7)
    at F:\node-pachong\back\build\webpack:\app.js:36:45
    at Layer.handle_error (F:\node-pachong\back\node_modules\express\lib\router\layer.js:71:5)
    at trim_prefix (F:\node-pachong\back\node_modules\express\lib\router\index.js:315:13)
    at F:\node-pachong\back\node_modules\express\lib\router\index.js:284:7
    at Function.process_params (F:\node-pachong\back\node_modules\express\lib\router\index.js:335:12)
    at next (F:\node-pachong\back\node_modules\express\lib\router\index.js:275:10)
    at Layer.handle_error (F:\node-pachong\back\node_modules\express\lib\router\layer.js:67:12)
    at trim_prefix (F:\node-pachong\back\node_modules\express\lib\router\index.js:315:13)
Error: Failed to lookup view "error" in views directory "\viewssss"
    at Function.render (F:\node-pachong\back\node_modules\express\lib\application.js:580:17)
    at ServerResponse.render (F:\node-pachong\back\node_modules\express\lib\response.js:1008:7)
    at F:\node-pachong\back\build\webpack:\app.js:36:45
    at Layer.handle_error (F:\node-pachong\back\node_modules\express\lib\router\layer.js:71:5)
    at trim_prefix (F:\node-pachong\back\node_modules\express\lib\router\index.js:315:13)
    at F:\node-pachong\back\node_modules\express\lib\router\index.js:284:7
    at Function.process_params (F:\node-pachong\back\node_modules\express\lib\router\index.js:335:12)
    at next (F:\node-pachong\back\node_modules\express\lib\router\index.js:275:10)
    at Layer.handle_error (F:\node-pachong\back\node_modules\express\lib\router\layer.js:67:12)
    at trim_prefix (F:\node-pachong\back\node_modules\express\lib\router\index.js:315:13)
Error: Failed to lookup view "error" in views directory "\views"
    at Function.render (F:\node-pachong\back\node_modules\express\lib\application.js:580:17)
    at ServerResponse.render (F:\node-pachong\back\node_modules\express\lib\response.js:1008:7)
    at F:\node-pachong\back\build\webpack:\app.js:38:45
    at Layer.handle_error (F:\node-pachong\back\node_modules\express\lib\router\layer.js:71:5)
    at trim_prefix (F:\node-pachong\back\node_modules\express\lib\router\index.js:315:13)
    at F:\node-pachong\back\node_modules\express\lib\router\index.js:284:7
    at Function.process_params (F:\node-pachong\back\node_modules\express\lib\router\index.js:335:12)
    at next (F:\node-pachong\back\node_modules\express\lib\router\index.js:275:10)
    at Layer.handle_error (F:\node-pachong\back\node_modules\express\lib\router\layer.js:67:12)
    at trim_prefix (F:\node-pachong\back\node_modules\express\lib\router\index.js:315:13)
Error: Failed to lookup view "error" in views directory "f
ode-pachongack\views"
    at Function.render (F:\node-pachong\back\node_modules\express\lib\application.js:580:17)
    at ServerResponse.render (F:\node-pachong\back\node_modules\express\lib\response.js:1008:7)
    at F:\node-pachong\back\build\webpack:\app.js:39:45
    at Layer.handle_error (F:\node-pachong\back\node_modules\express\lib\router\layer.js:71:5)
    at trim_prefix (F:\node-pachong\back\node_modules\express\lib\router\index.js:315:13)
    at F:\node-pachong\back\node_modules\express\lib\router\index.js:284:7
    at Function.process_params (F:\node-pachong\back\node_modules\express\lib\router\index.js:335:12)
    at next (F:\node-pachong\back\node_modules\express\lib\router\index.js:275:10)
    at Layer.handle_error (F:\node-pachong\back\node_modules\express\lib\router\layer.js:67:12)
    at trim_prefix (F:\node-pachong\back\node_modules\express\lib\router\index.js:315:13)
Error: Failed to lookup view "error" in views directory "f\node-pachong\back\views"
    at Function.render (F:\node-pachong\back\node_modules\express\lib\application.js:580:17)
    at ServerResponse.render (F:\node-pachong\back\node_modules\express\lib\response.js:1008:7)
    at F:\node-pachong\back\build\webpack:\app.js:39:45
    at Layer.handle_error (F:\node-pachong\back\node_modules\express\lib\router\layer.js:71:5)
    at trim_prefix (F:\node-pachong\back\node_modules\express\lib\router\index.js:315:13)
    at F:\node-pachong\back\node_modules\express\lib\router\index.js:284:7
    at Function.process_params (F:\node-pachong\back\node_modules\express\lib\router\index.js:335:12)
    at next (F:\node-pachong\back\node_modules\express\lib\router\index.js:275:10)
    at Layer.handle_error (F:\node-pachong\back\node_modules\express\lib\router\layer.js:67:12)
    at trim_prefix (F:\node-pachong\back\node_modules\express\lib\router\index.js:315:13)
Error: Failed to lookup view "error" in views directory "\views"
    at Function.render (F:\node-pachong\back\node_modules\express\lib\application.js:580:17)
    at ServerResponse.render (F:\node-pachong\back\node_modules\express\lib\response.js:1008:7)
    at F:\node-pachong\back\build\webpack:\app.js:39:45
    at Layer.handle_error (F:\node-pachong\back\node_modules\express\lib\router\layer.js:71:5)
    at trim_prefix (F:\node-pachong\back\node_modules\express\lib\router\index.js:315:13)
    at F:\node-pachong\back\node_modules\express\lib\router\index.js:284:7
    at Function.process_params (F:\node-pachong\back\node_modules\express\lib\router\index.js:335:12)
    at next (F:\node-pachong\back\node_modules\express\lib\router\index.js:275:10)
    at Layer.handle_error (F:\node-pachong\back\node_modules\express\lib\router\layer.js:67:12)
    at trim_prefix (F:\node-pachong\back\node_modules\express\lib\router\index.js:315:13)
Error: Failed to lookup view "error" in views directory "\views"
    at Function.render (F:\node-pachong\back\node_modules\express\lib\application.js:580:17)
    at ServerResponse.render (F:\node-pachong\back\node_modules\express\lib\response.js:1008:7)
    at F:\node-pachong\back\build\webpack:\app.js:39:45
    at Layer.handle_error (F:\node-pachong\back\node_modules\express\lib\router\layer.js:71:5)
    at trim_prefix (F:\node-pachong\back\node_modules\express\lib\router\index.js:315:13)
    at F:\node-pachong\back\node_modules\express\lib\router\index.js:284:7
    at Function.process_params (F:\node-pachong\back\node_modules\express\lib\router\index.js:335:12)
    at next (F:\node-pachong\back\node_modules\express\lib\router\index.js:275:10)
    at Layer.handle_error (F:\node-pachong\back\node_modules\express\lib\router\layer.js:67:12)
    at trim_prefix (F:\node-pachong\back\node_modules\express\lib\router\index.js:315:13)
Error: Failed to lookup view "error" in views directory "\views"
    at Function.render (F:\node-pachong\back\node_modules\express\lib\application.js:580:17)
    at ServerResponse.render (F:\node-pachong\back\node_modules\express\lib\response.js:1008:7)
    at F:\node-pachong\back\build\webpack:\app.js:39:45
    at Layer.handle_error (F:\node-pachong\back\node_modules\express\lib\router\layer.js:71:5)
    at trim_prefix (F:\node-pachong\back\node_modules\express\lib\router\index.js:315:13)
    at F:\node-pachong\back\node_modules\express\lib\router\index.js:284:7
    at Function.process_params (F:\node-pachong\back\node_modules\express\lib\router\index.js:335:12)
    at next (F:\node-pachong\back\node_modules\express\lib\router\index.js:275:10)
    at Layer.handle_error (F:\node-pachong\back\node_modules\express\lib\router\layer.js:67:12)
    at trim_prefix (F:\node-pachong\back\node_modules\express\lib\router\index.js:315:13)
Error: Failed to lookup view "error" in views directory "\views"
    at Function.render (F:\node-pachong\back\node_modules\express\lib\application.js:580:17)
    at ServerResponse.render (F:\node-pachong\back\node_modules\express\lib\response.js:1008:7)
    at F:\node-pachong\back\build\webpack:\app.js:39:45
    at Layer.handle_error (F:\node-pachong\back\node_modules\express\lib\router\layer.js:71:5)
    at trim_prefix (F:\node-pachong\back\node_modules\express\lib\router\index.js:315:13)
    at F:\node-pachong\back\node_modules\express\lib\router\index.js:284:7
    at Function.process_params (F:\node-pachong\back\node_modules\express\lib\router\index.js:335:12)
    at next (F:\node-pachong\back\node_modules\express\lib\router\index.js:275:10)
    at Layer.handle_error (F:\node-pachong\back\node_modules\express\lib\router\layer.js:67:12)
    at trim_prefix (F:\node-pachong\back\node_modules\express\lib\router\index.js:315:13)
Error: Failed to lookup view "error" in views directory "\views"
    at Function.render (F:\node-pachong\back\node_modules\express\lib\application.js:580:17)
    at ServerResponse.render (F:\node-pachong\back\node_modules\express\lib\response.js:1008:7)
    at F:\node-pachong\back\build\webpack:\app.js:39:45
    at Layer.handle_error (F:\node-pachong\back\node_modules\express\lib\router\layer.js:71:5)
    at trim_prefix (F:\node-pachong\back\node_modules\express\lib\router\index.js:315:13)
    at F:\node-pachong\back\node_modules\express\lib\router\index.js:284:7
    at Function.process_params (F:\node-pachong\back\node_modules\express\lib\router\index.js:335:12)
    at next (F:\node-pachong\back\node_modules\express\lib\router\index.js:275:10)
    at Layer.handle_error (F:\node-pachong\back\node_modules\express\lib\router\layer.js:67:12)
    at trim_prefix (F:\node-pachong\back\node_modules\express\lib\router\index.js:315:13)
Error: Failed to lookup view "error" in views directory "\views"
    at Function.render (F:\node-pachong\back\node_modules\express\lib\application.js:580:17)
    at ServerResponse.render (F:\node-pachong\back\node_modules\express\lib\response.js:1008:7)
    at F:\node-pachong\back\build\webpack:\app.js:39:45
    at Layer.handle_error (F:\node-pachong\back\node_modules\express\lib\router\layer.js:71:5)
    at trim_prefix (F:\node-pachong\back\node_modules\express\lib\router\index.js:315:13)
    at F:\node-pachong\back\node_modules\express\lib\router\index.js:284:7
    at Function.process_params (F:\node-pachong\back\node_modules\express\lib\router\index.js:335:12)
    at next (F:\node-pachong\back\node_modules\express\lib\router\index.js:275:10)
    at Layer.handle_error (F:\node-pachong\back\node_modules\express\lib\router\layer.js:67:12)
    at trim_prefix (F:\node-pachong\back\node_modules\express\lib\router\index.js:315:13)
Error: Failed to lookup view "error" in views directory "\views"
    at Function.render (F:\node-pachong\back\node_modules\express\lib\application.js:580:17)
    at ServerResponse.render (F:\node-pachong\back\node_modules\express\lib\response.js:1008:7)
    at F:\node-pachong\back\build\webpack:\app.js:39:45
    at Layer.handle_error (F:\node-pachong\back\node_modules\express\lib\router\layer.js:71:5)
    at trim_prefix (F:\node-pachong\back\node_modules\express\lib\router\index.js:315:13)
    at F:\node-pachong\back\node_modules\express\lib\router\index.js:284:7
    at Function.process_params (F:\node-pachong\back\node_modules\express\lib\router\index.js:335:12)
    at next (F:\node-pachong\back\node_modules\express\lib\router\index.js:275:10)
    at Layer.handle_error (F:\node-pachong\back\node_modules\express\lib\router\layer.js:67:12)
    at trim_prefix (F:\node-pachong\back\node_modules\express\lib\router\index.js:315:13)
{ Error: Cannot find module 'F:\node-pachong\back\build\backend.js'
    at Function.Module._resolveFilename (internal/modules/cjs/loader.js:636:15)
    at Function.Module._load (internal/modules/cjs/loader.js:562:25)
    at Object.<anonymous> (C:\Users\Maxyu\AppData\Roaming\npm\node_modules\pm2\lib\ProcessContainerFork.js:27:21)
    at Module._compile (internal/modules/cjs/loader.js:776:30)
    at Object.Module._extensions..js (internal/modules/cjs/loader.js:787:10)
    at Module.load (internal/modules/cjs/loader.js:653:32)
    at tryModuleLoad (internal/modules/cjs/loader.js:593:12)
    at Function.Module._load (internal/modules/cjs/loader.js:585:3)
    at Function.Module.runMain (internal/modules/cjs/loader.js:829:12)
    at startup (internal/bootstrap/node.js:283:19) code: 'MODULE_NOT_FOUND' }
{ Error: Cannot find module 'F:\node-pachong\back\build\backend.js'
    at Function.Module._resolveFilename (internal/modules/cjs/loader.js:636:15)
    at Function.Module._load (internal/modules/cjs/loader.js:562:25)
    at Object.<anonymous> (C:\Users\Maxyu\AppData\Roaming\npm\node_modules\pm2\lib\ProcessContainerFork.js:27:21)
    at Module._compile (internal/modules/cjs/loader.js:776:30)
    at Object.Module._extensions..js (internal/modules/cjs/loader.js:787:10)
    at Module.load (internal/modules/cjs/loader.js:653:32)
    at tryModuleLoad (internal/modules/cjs/loader.js:593:12)
    at Function.Module._load (internal/modules/cjs/loader.js:585:3)
    at Function.Module.runMain (internal/modules/cjs/loader.js:829:12)
    at startup (internal/bootstrap/node.js:283:19) code: 'MODULE_NOT_FOUND' }
{ Error: Cannot find module 'F:\node-pachong\back\build\backend.js'
    at Function.Module._resolveFilename (internal/modules/cjs/loader.js:636:15)
    at Function.Module._load (internal/modules/cjs/loader.js:562:25)
    at Object.<anonymous> (C:\Users\Maxyu\AppData\Roaming\npm\node_modules\pm2\lib\ProcessContainerFork.js:27:21)
    at Module._compile (internal/modules/cjs/loader.js:776:30)
    at Object.Module._extensions..js (internal/modules/cjs/loader.js:787:10)
    at Module.load (internal/modules/cjs/loader.js:653:32)
    at tryModuleLoad (internal/modules/cjs/loader.js:593:12)
    at Function.Module._load (internal/modules/cjs/loader.js:585:3)
    at Function.Module.runMain (internal/modules/cjs/loader.js:829:12)
    at startup (internal/bootstrap/node.js:283:19) code: 'MODULE_NOT_FOUND' }
{ Error: Cannot find module 'F:\node-pachong\back\build\backend.js'
    at Function.Module._resolveFilename (internal/modules/cjs/loader.js:636:15)
    at Function.Module._load (internal/modules/cjs/loader.js:562:25)
    at Object.<anonymous> (C:\Users\Maxyu\AppData\Roaming\npm\node_modules\pm2\lib\ProcessContainerFork.js:27:21)
    at Module._compile (internal/modules/cjs/loader.js:776:30)
    at Object.Module._extensions..js (internal/modules/cjs/loader.js:787:10)
    at Module.load (internal/modules/cjs/loader.js:653:32)
    at tryModuleLoad (internal/modules/cjs/loader.js:593:12)
    at Function.Module._load (internal/modules/cjs/loader.js:585:3)
    at Function.Module.runMain (internal/modules/cjs/loader.js:829:12)
    at startup (internal/bootstrap/node.js:283:19) code: 'MODULE_NOT_FOUND' }
{ Error: Cannot find module 'F:\node-pachong\back\build\backend.js'
    at Function.Module._resolveFilename (internal/modules/cjs/loader.js:636:15)
    at Function.Module._load (internal/modules/cjs/loader.js:562:25)
    at Object.<anonymous> (C:\Users\Maxyu\AppData\Roaming\npm\node_modules\pm2\lib\ProcessContainerFork.js:27:21)
    at Module._compile (internal/modules/cjs/loader.js:776:30)
    at Object.Module._extensions..js (internal/modules/cjs/loader.js:787:10)
    at Module.load (internal/modules/cjs/loader.js:653:32)
    at tryModuleLoad (internal/modules/cjs/loader.js:593:12)
    at Function.Module._load (internal/modules/cjs/loader.js:585:3)
    at Function.Module.runMain (internal/modules/cjs/loader.js:829:12)
    at startup (internal/bootstrap/node.js:283:19) code: 'MODULE_NOT_FOUND' }
{ Error: Cannot find module 'F:\node-pachong\back\build\backend.js'
    at Function.Module._resolveFilename (internal/modules/cjs/loader.js:636:15)
    at Function.Module._load (internal/modules/cjs/loader.js:562:25)
    at Object.<anonymous> (C:\Users\Maxyu\AppData\Roaming\npm\node_modules\pm2\lib\ProcessContainerFork.js:27:21)
    at Module._compile (internal/modules/cjs/loader.js:776:30)
    at Object.Module._extensions..js (internal/modules/cjs/loader.js:787:10)
    at Module.load (internal/modules/cjs/loader.js:653:32)
    at tryModuleLoad (internal/modules/cjs/loader.js:593:12)
    at Function.Module._load (internal/modules/cjs/loader.js:585:3)
    at Function.Module.runMain (internal/modules/cjs/loader.js:829:12)
    at startup (internal/bootstrap/node.js:283:19) code: 'MODULE_NOT_FOUND' }
{ Error: Cannot find module 'F:\node-pachong\back\build\backend.js'
    at Function.Module._resolveFilename (internal/modules/cjs/loader.js:636:15)
    at Function.Module._load (internal/modules/cjs/loader.js:562:25)
    at Object.<anonymous> (C:\Users\Maxyu\AppData\Roaming\npm\node_modules\pm2\lib\ProcessContainerFork.js:27:21)
    at Module._compile (internal/modules/cjs/loader.js:776:30)
    at Object.Module._extensions..js (internal/modules/cjs/loader.js:787:10)
    at Module.load (internal/modules/cjs/loader.js:653:32)
    at tryModuleLoad (internal/modules/cjs/loader.js:593:12)
    at Function.Module._load (internal/modules/cjs/loader.js:585:3)
    at Function.Module.runMain (internal/modules/cjs/loader.js:829:12)
    at startup (internal/bootstrap/node.js:283:19) code: 'MODULE_NOT_FOUND' }
{ Error: Cannot find module 'F:\node-pachong\back\build\backend.js'
    at Function.Module._resolveFilename (internal/modules/cjs/loader.js:636:15)
    at Function.Module._load (internal/modules/cjs/loader.js:562:25)
    at Object.<anonymous> (C:\Users\Maxyu\AppData\Roaming\npm\node_modules\pm2\lib\ProcessContainerFork.js:27:21)
    at Module._compile (internal/modules/cjs/loader.js:776:30)
    at Object.Module._extensions..js (internal/modules/cjs/loader.js:787:10)
    at Module.load (internal/modules/cjs/loader.js:653:32)
    at tryModuleLoad (internal/modules/cjs/loader.js:593:12)
    at Function.Module._load (internal/modules/cjs/loader.js:585:3)
    at Function.Module.runMain (internal/modules/cjs/loader.js:829:12)
    at startup (internal/bootstrap/node.js:283:19) code: 'MODULE_NOT_FOUND' }
{ Error: Cannot find module 'F:\node-pachong\back\build\backend.js'
    at Function.Module._resolveFilename (internal/modules/cjs/loader.js:636:15)
    at Function.Module._load (internal/modules/cjs/loader.js:562:25)
    at Object.<anonymous> (C:\Users\Maxyu\AppData\Roaming\npm\node_modules\pm2\lib\ProcessContainerFork.js:27:21)
    at Module._compile (internal/modules/cjs/loader.js:776:30)
    at Object.Module._extensions..js (internal/modules/cjs/loader.js:787:10)
    at Module.load (internal/modules/cjs/loader.js:653:32)
    at tryModuleLoad (internal/modules/cjs/loader.js:593:12)
    at Function.Module._load (internal/modules/cjs/loader.js:585:3)
    at Function.Module.runMain (internal/modules/cjs/loader.js:829:12)
    at startup (internal/bootstrap/node.js:283:19) code: 'MODULE_NOT_FOUND' }
{ Error: Cannot find module 'F:\node-pachong\back\build\backend.js'
    at Function.Module._resolveFilename (internal/modules/cjs/loader.js:636:15)
    at Function.Module._load (internal/modules/cjs/loader.js:562:25)
    at Object.<anonymous> (C:\Users\Maxyu\AppData\Roaming\npm\node_modules\pm2\lib\ProcessContainerFork.js:27:21)
    at Module._compile (internal/modules/cjs/loader.js:776:30)
    at Object.Module._extensions..js (internal/modules/cjs/loader.js:787:10)
    at Module.load (internal/modules/cjs/loader.js:653:32)
    at tryModuleLoad (internal/modules/cjs/loader.js:593:12)
    at Function.Module._load (internal/modules/cjs/loader.js:585:3)
    at Function.Module.runMain (internal/modules/cjs/loader.js:829:12)
    at startup (internal/bootstrap/node.js:283:19) code: 'MODULE_NOT_FOUND' }
{ Error: Cannot find module 'F:\node-pachong\back\build\backend.js'
    at Function.Module._resolveFilename (internal/modules/cjs/loader.js:636:15)
    at Function.Module._load (internal/modules/cjs/loader.js:562:25)
    at Object.<anonymous> (C:\Users\Maxyu\AppData\Roaming\npm\node_modules\pm2\lib\ProcessContainerFork.js:27:21)
    at Module._compile (internal/modules/cjs/loader.js:776:30)
    at Object.Module._extensions..js (internal/modules/cjs/loader.js:787:10)
    at Module.load (internal/modules/cjs/loader.js:653:32)
    at tryModuleLoad (internal/modules/cjs/loader.js:593:12)
    at Function.Module._load (internal/modules/cjs/loader.js:585:3)
    at Function.Module.runMain (internal/modules/cjs/loader.js:829:12)
    at startup (internal/bootstrap/node.js:283:19) code: 'MODULE_NOT_FOUND' }
{ Error: Cannot find module 'F:\node-pachong\back\build\backend.js'
    at Function.Module._resolveFilename (internal/modules/cjs/loader.js:636:15)
    at Function.Module._load (internal/modules/cjs/loader.js:562:25)
    at Object.<anonymous> (C:\Users\Maxyu\AppData\Roaming\npm\node_modules\pm2\lib\ProcessContainerFork.js:27:21)
    at Module._compile (internal/modules/cjs/loader.js:776:30)
    at Object.Module._extensions..js (internal/modules/cjs/loader.js:787:10)
    at Module.load (internal/modules/cjs/loader.js:653:32)
    at tryModuleLoad (internal/modules/cjs/loader.js:593:12)
    at Function.Module._load (internal/modules/cjs/loader.js:585:3)
    at Function.Module.runMain (internal/modules/cjs/loader.js:829:12)
    at startup (internal/bootstrap/node.js:283:19) code: 'MODULE_NOT_FOUND' }
{ Error: Cannot find module 'F:\node-pachong\back\build\backend.js'
    at Function.Module._resolveFilename (internal/modules/cjs/loader.js:636:15)
    at Function.Module._load (internal/modules/cjs/loader.js:562:25)
    at Object.<anonymous> (C:\Users\Maxyu\AppData\Roaming\npm\node_modules\pm2\lib\ProcessContainerFork.js:27:21)
    at Module._compile (internal/modules/cjs/loader.js:776:30)
    at Object.Module._extensions..js (internal/modules/cjs/loader.js:787:10)
    at Module.load (internal/modules/cjs/loader.js:653:32)
    at tryModuleLoad (internal/modules/cjs/loader.js:593:12)
    at Function.Module._load (internal/modules/cjs/loader.js:585:3)
    at Function.Module.runMain (internal/modules/cjs/loader.js:829:12)
    at startup (internal/bootstrap/node.js:283:19) code: 'MODULE_NOT_FOUND' }
{ Error: Cannot find module 'F:\node-pachong\back\build\backend.js'
    at Function.Module._resolveFilename (internal/modules/cjs/loader.js:636:15)
    at Function.Module._load (internal/modules/cjs/loader.js:562:25)
    at Object.<anonymous> (C:\Users\Maxyu\AppData\Roaming\npm\node_modules\pm2\lib\ProcessContainerFork.js:27:21)
    at Module._compile (internal/modules/cjs/loader.js:776:30)
    at Object.Module._extensions..js (internal/modules/cjs/loader.js:787:10)
    at Module.load (internal/modules/cjs/loader.js:653:32)
    at tryModuleLoad (internal/modules/cjs/loader.js:593:12)
    at Function.Module._load (internal/modules/cjs/loader.js:585:3)
    at Function.Module.runMain (internal/modules/cjs/loader.js:829:12)
    at startup (internal/bootstrap/node.js:283:19) code: 'MODULE_NOT_FOUND' }
{ Error: Cannot find module 'F:\node-pachong\back\build\backend.js'
    at Function.Module._resolveFilename (internal/modules/cjs/loader.js:636:15)
    at Function.Module._load (internal/modules/cjs/loader.js:562:25)
    at Object.<anonymous> (C:\Users\Maxyu\AppData\Roaming\npm\node_modules\pm2\lib\ProcessContainerFork.js:27:21)
    at Module._compile (internal/modules/cjs/loader.js:776:30)
    at Object.Module._extensions..js (internal/modules/cjs/loader.js:787:10)
    at Module.load (internal/modules/cjs/loader.js:653:32)
    at tryModuleLoad (internal/modules/cjs/loader.js:593:12)
    at Function.Module._load (internal/modules/cjs/loader.js:585:3)
    at Function.Module.runMain (internal/modules/cjs/loader.js:829:12)
    at startup (internal/bootstrap/node.js:283:19) code: 'MODULE_NOT_FOUND' }
{ Error: Cannot find module 'F:\node-pachong\back\build\backend.js'
    at Function.Module._resolveFilename (internal/modules/cjs/loader.js:636:15)
    at Function.Module._load (internal/modules/cjs/loader.js:562:25)
    at Object.<anonymous> (C:\Users\Maxyu\AppData\Roaming\npm\node_modules\pm2\lib\ProcessContainerFork.js:27:21)
    at Module._compile (internal/modules/cjs/loader.js:776:30)
    at Object.Module._extensions..js (internal/modules/cjs/loader.js:787:10)
    at Module.load (internal/modules/cjs/loader.js:653:32)
    at tryModuleLoad (internal/modules/cjs/loader.js:593:12)
    at Function.Module._load (internal/modules/cjs/loader.js:585:3)
    at Function.Module.runMain (internal/modules/cjs/loader.js:829:12)
    at startup (internal/bootstrap/node.js:283:19) code: 'MODULE_NOT_FOUND' }
